2025-05-11 12:25:40 [main] INFO  Log - Starting Webdriver
2025-05-11 12:25:44 [main] INFO  Log - navigating to url
2025-05-11 12:25:48 [main] INFO  Log - logging
2025-05-11 12:25:50 [main] INFO  Log - crosschecking the title
2025-05-11 12:25:50 [main] INFO  Log - closing browser
2025-05-11 22:47:59 [main] INFO  Log - Starting Webdriver
2025-05-11 22:48:03 [main] INFO  Log - navigating to url
2025-05-11 22:48:07 [main] INFO  Log - logging
2025-05-11 22:48:08 [main] INFO  Log - crosschecking the title
2025-05-11 22:48:08 [main] INFO  Log - closing browser
2025-05-12 21:08:44 [main] INFO  Log - Starting Webdriver
2025-05-12 21:08:47 [main] INFO  Log - navigating to url
2025-05-12 21:08:51 [main] INFO  Log - starting logging
2025-05-12 21:08:51 [main] INFO  Log - entering username
2025-05-12 21:08:52 [main] INFO  Log - entering password
2025-05-12 21:08:52 [main] INFO  Log - crosschecking the title
2025-05-12 21:08:53 [main] INFO  Log - closing browser
2025-05-13 21:24:15 [main] INFO  Log - Starting Webdriver
2025-05-13 21:24:20 [main] INFO  Log - navigating to url
2025-05-13 21:24:24 [main] INFO  Log - starting logging
2025-05-13 21:24:24 [main] INFO  Log - entering username
2025-05-13 21:24:24 [main] INFO  Log - entering password
2025-05-13 21:24:25 [main] INFO  Log - crosschecking the title
2025-05-13 21:24:25 [main] INFO  Log - closing browser
2025-05-13 21:25:27 [main] INFO  Log - Starting Webdriver
2025-05-13 21:25:29 [main] INFO  Log - navigating to url
2025-05-13 21:25:31 [main] INFO  Log - starting logging
2025-05-13 21:25:31 [main] INFO  Log - entering username
2025-05-13 21:25:32 [main] INFO  Log - entering password
2025-05-13 21:25:32 [main] INFO  Log - crosschecking the title
2025-05-13 21:25:32 [main] INFO  Log - closing browser
2025-05-13 21:29:20 [main] INFO  Log - Starting Webdriver
2025-05-13 21:29:23 [main] INFO  Log - navigating to url
2025-05-13 21:29:25 [main] INFO  Log - starting logging
2025-05-13 21:29:25 [main] INFO  Log - entering username
2025-05-13 21:29:26 [main] INFO  Log - entering password
2025-05-13 21:29:26 [main] INFO  Log - crosschecking the title
2025-05-13 21:29:26 [main] INFO  Log - closing browser
2025-05-13 21:29:26 [main] INFO  Log - Starting Webdriver
2025-05-13 21:29:28 [main] INFO  Log - navigating to url
2025-05-13 21:29:29 [main] INFO  Log - starting logging
2025-05-13 21:29:29 [main] INFO  Log - entering username
2025-05-13 21:29:30 [main] INFO  Log - entering password
2025-05-13 21:29:31 [main] INFO  Log - crosschecking the title
2025-05-13 21:29:31 [main] INFO  Log - closing browser
2025-05-13 21:33:18 [main] INFO  Log - Starting Webdriver
2025-05-13 21:33:21 [main] INFO  Log - navigating to url
2025-05-13 21:33:22 [main] INFO  Log - starting logging
2025-05-13 21:33:22 [main] INFO  Log - entering username
2025-05-13 21:33:23 [main] INFO  Log - entering password
2025-05-13 21:33:24 [main] INFO  Log - closing browser
2025-05-13 21:33:24 [main] INFO  Log - Starting Webdriver
2025-05-13 21:33:26 [main] INFO  Log - navigating to url
2025-05-13 21:33:26 [main] INFO  Log - starting logging
2025-05-13 21:33:26 [main] INFO  Log - entering username
2025-05-13 21:33:27 [main] INFO  Log - entering password
2025-05-13 21:33:28 [main] INFO  Log - closing browser
2025-05-13 21:36:46 [main] INFO  Log - Starting Webdriver
2025-05-13 21:36:49 [main] INFO  Log - navigating to url
2025-05-13 21:36:50 [main] INFO  Log - starting logging invalid
2025-05-13 21:36:50 [main] INFO  Log - entering username
2025-05-13 21:36:51 [main] INFO  Log - entering password
2025-05-13 21:36:52 [main] INFO  Log - crosschecking the title
2025-05-13 21:36:53 [main] INFO  Log - closing browser
2025-05-13 21:36:53 [main] INFO  Log - Starting Webdriver
2025-05-13 21:36:54 [main] INFO  Log - navigating to url
2025-05-13 21:36:56 [main] INFO  Log - starting logging
2025-05-13 21:36:56 [main] INFO  Log - entering username
2025-05-13 21:36:57 [main] INFO  Log - entering password
2025-05-13 21:36:57 [main] INFO  Log - crosschecking the title
2025-05-13 21:36:57 [main] INFO  Log - closing browser
2025-05-13 21:40:23 [main] INFO  Log - Starting Webdriver
2025-05-13 21:40:25 [main] INFO  Log - navigating to url
2025-05-13 21:40:27 [main] INFO  Log - starting logging invalid
2025-05-13 21:40:27 [main] INFO  Log - entering username
2025-05-13 21:40:28 [main] INFO  Log - entering password
2025-05-13 21:40:29 [main] INFO  Log - crosschecking the title
2025-05-13 21:40:29 [main] INFO  Log - closing browser
2025-05-13 21:40:29 [main] INFO  Log - Starting Webdriver
2025-05-13 21:40:31 [main] INFO  Log - navigating to url
2025-05-13 21:40:33 [main] INFO  Log - starting logging
2025-05-13 21:40:33 [main] INFO  Log - entering username
2025-05-13 21:40:33 [main] INFO  Log - entering password
2025-05-13 21:40:34 [main] INFO  Log - crosschecking the title
2025-05-13 21:40:34 [main] INFO  Log - closing browser
2025-05-13 21:43:16 [main] INFO  Log - Starting Webdriver
2025-05-13 21:43:19 [main] INFO  Log - navigating to url
2025-05-13 21:43:21 [main] INFO  Log - starting logging invalid
2025-05-13 21:43:21 [main] INFO  Log - entering username
2025-05-13 21:43:22 [main] INFO  Log - entering password
2025-05-13 21:43:23 [main] INFO  Log - crosschecking the title
2025-05-13 21:43:23 [main] INFO  Log - closing browser
2025-05-13 21:43:24 [main] INFO  Log - Starting Webdriver
2025-05-13 21:43:25 [main] INFO  Log - navigating to url
2025-05-13 21:43:27 [main] INFO  Log - starting logging
2025-05-13 21:43:27 [main] INFO  Log - entering username
2025-05-13 21:43:28 [main] INFO  Log - entering password
2025-05-13 21:43:28 [main] INFO  Log - crosschecking the title
2025-05-13 21:43:28 [main] INFO  Log - closing browser
2025-05-13 21:45:57 [main] INFO  Log - Starting Webdriver
2025-05-13 21:45:59 [main] INFO  Log - navigating to url
2025-05-13 21:46:01 [main] INFO  Log - starting logging invalid
2025-05-13 21:46:01 [main] INFO  Log - entering username
2025-05-13 21:46:01 [main] INFO  Log - entering password
2025-05-13 21:46:02 [main] INFO  Log - crosschecking the title
2025-05-13 21:49:10 [main] INFO  Log - Starting Webdriver
2025-05-13 21:49:12 [main] INFO  Log - navigating to url
2025-05-13 21:49:14 [main] INFO  Log - starting logging invalid
2025-05-13 21:49:14 [main] INFO  Log - entering username
2025-05-13 21:49:14 [main] INFO  Log - entering password
2025-05-13 21:49:15 [main] INFO  Log - crosschecking the title
2025-05-13 21:49:15 [main] INFO  Log - closing browser
2025-05-13 21:49:15 [main] INFO  Log - Starting Webdriver
2025-05-13 21:49:17 [main] INFO  Log - navigating to url
2025-05-13 21:49:18 [main] INFO  Log - starting logging
2025-05-13 21:49:18 [main] INFO  Log - entering username
2025-05-13 21:49:19 [main] INFO  Log - entering password
2025-05-13 21:49:20 [main] INFO  Log - crosschecking the title
2025-05-13 21:49:20 [main] INFO  Log - closing browser
2025-05-17 22:14:55 [main] INFO  Log - Starting Webdriver
2025-05-17 22:15:03 [main] INFO  Log - navigating to url
2025-05-17 22:15:05 [main] INFO  Log - starting logging invalid
2025-05-17 22:15:05 [main] INFO  Log - entering username
2025-05-17 22:15:06 [main] INFO  Log - entering password
2025-05-17 22:15:06 [main] INFO  Log - crosschecking the title
2025-05-17 22:15:07 [main] INFO  Log - closing browser
2025-05-17 22:15:07 [main] INFO  Log - Starting Webdriver
2025-05-17 22:15:09 [main] INFO  Log - navigating to url
2025-05-17 22:15:09 [main] INFO  Log - starting logging
2025-05-17 22:15:09 [main] INFO  Log - entering username
2025-05-17 22:15:10 [main] INFO  Log - entering password
2025-05-17 22:15:10 [main] INFO  Log - crosschecking the title
2025-05-17 22:15:10 [main] INFO  Log - closing browser
2025-05-22 21:35:09 [main] INFO  Log - Starting Webdriver
2025-05-22 21:35:16 [main] INFO  Log - navigating to url
2025-05-22 21:35:19 [main] INFO  Log - starting logging invalid
2025-05-22 21:35:19 [main] INFO  Log - entering username
2025-05-22 21:35:19 [main] INFO  Log - entering password
2025-05-22 21:35:20 [main] INFO  Log - crosschecking the title
2025-05-22 21:35:20 [main] INFO  Log - closing browser
2025-05-22 21:35:20 [main] INFO  Log - Starting Webdriver
2025-05-22 21:35:22 [main] INFO  Log - navigating to url
2025-05-22 21:35:23 [main] INFO  Log - starting logging invalid
2025-05-22 21:35:23 [main] INFO  Log - entering username
2025-05-22 21:35:23 [main] INFO  Log - entering password
2025-05-22 21:35:24 [main] INFO  Log - crosschecking the title
2025-05-22 21:35:25 [main] INFO  Log - closing browser
2025-05-22 21:35:25 [main] INFO  Log - Starting Webdriver
2025-05-22 21:35:26 [main] INFO  Log - navigating to url
2025-05-22 21:35:28 [main] INFO  Log - starting logging invalid
2025-05-22 21:35:28 [main] INFO  Log - entering username
2025-05-22 21:35:28 [main] INFO  Log - entering password
2025-05-22 21:35:28 [main] INFO  Log - crosschecking the title
2025-05-22 21:35:29 [main] INFO  Log - closing browser
2025-05-22 21:36:10 [main] INFO  Log - Starting Webdriver
2025-05-22 21:36:12 [main] INFO  Log - navigating to url
2025-05-22 21:36:14 [main] INFO  Log - starting logging invalid
2025-05-22 21:36:14 [main] INFO  Log - entering username
2025-05-22 21:36:14 [main] INFO  Log - entering password
2025-05-22 21:36:14 [main] INFO  Log - crosschecking the title
2025-05-22 21:36:14 [main] INFO  Log - closing browser
2025-05-22 21:36:15 [main] INFO  Log - Starting Webdriver
2025-05-22 21:36:16 [main] INFO  Log - navigating to url
2025-05-22 21:36:17 [main] INFO  Log - starting logging invalid
2025-05-22 21:36:17 [main] INFO  Log - entering username
2025-05-22 21:36:17 [main] INFO  Log - entering password
2025-05-22 21:36:18 [main] INFO  Log - crosschecking the title
2025-05-22 21:36:18 [main] INFO  Log - closing browser
2025-05-22 21:36:18 [main] INFO  Log - Starting Webdriver
2025-05-22 21:36:20 [main] INFO  Log - navigating to url
2025-05-22 21:36:20 [main] INFO  Log - starting logging invalid
2025-05-22 21:36:20 [main] INFO  Log - entering username
2025-05-22 21:36:20 [main] INFO  Log - entering password
2025-05-22 21:36:21 [main] INFO  Log - crosschecking the title
2025-05-22 21:36:21 [main] INFO  Log - closing browser
2025-05-22 21:41:04 [main] INFO  Log - Starting Webdriver
2025-05-22 21:41:08 [main] INFO  Log - navigating to url
2025-05-22 21:41:10 [main] INFO  Log - starting logging invalid
2025-05-22 21:41:10 [main] INFO  Log - entering username
2025-05-22 21:41:10 [main] INFO  Log - entering password
2025-05-22 21:41:11 [main] INFO  Log - closing browser
2025-05-22 21:41:11 [main] INFO  Log - Starting Webdriver
2025-05-22 21:41:13 [main] INFO  Log - navigating to url
2025-05-22 21:41:18 [main] INFO  Log - starting logging invalid
2025-05-22 21:41:18 [main] INFO  Log - entering username
2025-05-22 21:41:18 [main] INFO  Log - entering password
2025-05-22 21:41:21 [main] INFO  Log - closing browser
2025-05-22 21:41:21 [main] INFO  Log - Starting Webdriver
2025-05-22 21:41:23 [main] INFO  Log - navigating to url
2025-05-22 21:41:24 [main] INFO  Log - starting logging invalid
2025-05-22 21:41:24 [main] INFO  Log - entering username
2025-05-22 21:41:24 [main] INFO  Log - entering password
2025-05-22 21:41:26 [main] INFO  Log - closing browser
2025-05-22 21:44:31 [main] INFO  Log - Starting Webdriver
2025-05-22 21:44:33 [main] INFO  Log - navigating to url
2025-05-22 21:44:36 [main] INFO  Log - starting logging invalid
2025-05-22 21:44:36 [main] INFO  Log - entering username
2025-05-22 21:44:36 [main] INFO  Log - entering password
2025-05-22 21:44:36 [main] INFO  Log - closing browser
2025-05-22 21:44:37 [main] INFO  Log - Starting Webdriver
2025-05-22 21:44:38 [main] INFO  Log - navigating to url
2025-05-22 21:44:39 [main] INFO  Log - starting logging invalid
2025-05-22 21:44:39 [main] INFO  Log - entering username
2025-05-22 21:44:39 [main] INFO  Log - entering password
2025-05-22 21:44:43 [main] INFO  Log - closing browser
2025-05-22 21:44:44 [main] INFO  Log - Starting Webdriver
2025-05-22 21:44:45 [main] INFO  Log - navigating to url
2025-05-22 21:44:46 [main] INFO  Log - starting logging invalid
2025-05-22 21:44:46 [main] INFO  Log - entering username
2025-05-22 21:44:46 [main] INFO  Log - entering password
2025-05-22 21:44:56 [main] INFO  Log - closing browser
2025-05-22 21:49:12 [main] INFO  Log - Starting Webdriver
2025-05-22 21:49:14 [main] INFO  Log - navigating to url
2025-05-22 21:49:18 [main] INFO  Log - starting logging invalid
2025-05-22 21:49:18 [main] INFO  Log - entering username
2025-05-22 21:49:18 [main] INFO  Log - entering password
2025-05-22 21:49:21 [main] INFO  Log - closing browser
2025-05-22 21:49:21 [main] INFO  Log - Starting Webdriver
2025-05-22 21:49:22 [main] INFO  Log - navigating to url
2025-05-22 21:49:24 [main] INFO  Log - starting logging invalid
2025-05-22 21:49:24 [main] INFO  Log - entering username
2025-05-22 21:49:24 [main] INFO  Log - entering password
2025-05-22 21:49:28 [main] INFO  Log - closing browser
2025-05-22 21:49:28 [main] INFO  Log - Starting Webdriver
2025-05-22 21:49:30 [main] INFO  Log - navigating to url
2025-05-22 21:49:31 [main] INFO  Log - starting logging invalid
2025-05-22 21:49:31 [main] INFO  Log - entering username
2025-05-22 21:49:31 [main] INFO  Log - entering password
2025-05-22 21:49:31 [main] INFO  Log - closing browser
2025-05-22 21:50:27 [main] INFO  Log - Starting Webdriver
2025-05-22 21:50:29 [main] INFO  Log - navigating to url
2025-05-22 21:50:31 [main] INFO  Log - starting logging invalid
2025-05-22 21:50:31 [main] INFO  Log - entering username
2025-05-22 21:50:31 [main] INFO  Log - entering password
2025-05-22 21:50:33 [main] INFO  Log - closing browser
2025-05-22 21:50:33 [main] INFO  Log - Starting Webdriver
2025-05-22 21:50:35 [main] INFO  Log - navigating to url
2025-05-22 21:50:35 [main] INFO  Log - starting logging invalid
2025-05-22 21:50:35 [main] INFO  Log - entering username
2025-05-22 21:50:35 [main] INFO  Log - entering password
2025-05-22 21:50:38 [main] INFO  Log - closing browser
2025-05-22 21:50:38 [main] INFO  Log - Starting Webdriver
2025-05-22 21:50:40 [main] INFO  Log - navigating to url
2025-05-22 21:50:42 [main] INFO  Log - starting logging invalid
2025-05-22 21:50:42 [main] INFO  Log - entering username
2025-05-22 21:50:42 [main] INFO  Log - entering password
2025-05-22 21:50:43 [main] INFO  Log - closing browser
2025-05-22 21:51:20 [main] INFO  Log - Starting Webdriver
2025-05-22 21:51:22 [main] INFO  Log - navigating to url
2025-05-22 21:51:23 [main] INFO  Log - starting logging invalid
2025-05-22 21:51:23 [main] INFO  Log - entering username
2025-05-22 21:51:23 [main] INFO  Log - entering password
2025-05-22 21:51:27 [main] INFO  Log - closing browser
2025-05-22 21:51:27 [main] INFO  Log - Starting Webdriver
2025-05-22 21:51:29 [main] INFO  Log - navigating to url
2025-05-22 21:51:31 [main] INFO  Log - starting logging invalid
2025-05-22 21:51:31 [main] INFO  Log - entering username
2025-05-22 21:51:31 [main] INFO  Log - entering password
2025-05-22 21:51:33 [main] INFO  Log - closing browser
2025-05-22 21:51:33 [main] INFO  Log - Starting Webdriver
2025-05-22 21:51:34 [main] INFO  Log - navigating to url
2025-05-22 21:51:36 [main] INFO  Log - starting logging invalid
2025-05-22 21:51:36 [main] INFO  Log - entering username
2025-05-22 21:51:36 [main] INFO  Log - entering password
2025-05-22 21:51:37 [main] INFO  Log - closing browser
2025-05-22 21:54:05 [main] INFO  Log - Starting Webdriver
2025-05-22 21:54:08 [main] INFO  Log - navigating to url
2025-05-22 21:54:09 [main] INFO  Log - starting logging invalid
2025-05-22 21:54:09 [main] INFO  Log - entering username
2025-05-22 21:54:10 [main] INFO  Log - entering password
2025-05-22 21:54:10 [main] INFO  Log - closing browser
2025-05-22 21:54:11 [main] INFO  Log - Starting Webdriver
2025-05-22 21:54:12 [main] INFO  Log - navigating to url
2025-05-22 21:54:15 [main] INFO  Log - starting logging invalid
2025-05-22 21:54:15 [main] INFO  Log - entering username
2025-05-22 21:54:16 [main] INFO  Log - entering password
2025-05-22 21:54:16 [main] INFO  Log - closing browser
2025-05-22 21:54:17 [main] INFO  Log - Starting Webdriver
2025-05-22 21:54:18 [main] INFO  Log - navigating to url
2025-05-22 21:54:19 [main] INFO  Log - starting logging invalid
2025-05-22 21:54:19 [main] INFO  Log - entering username
2025-05-22 21:54:20 [main] INFO  Log - entering password
2025-05-22 21:54:20 [main] INFO  Log - closing browser
2025-05-22 21:55:15 [main] INFO  Log - Starting Webdriver
2025-05-22 21:55:17 [main] INFO  Log - navigating to url
2025-05-22 21:55:19 [main] INFO  Log - starting logging invalid
2025-05-22 21:55:19 [main] INFO  Log - entering username
2025-05-22 21:55:19 [main] INFO  Log - entering password
2025-05-22 21:55:20 [main] INFO  Log - closing browser
2025-05-22 21:55:20 [main] INFO  Log - Starting Webdriver
2025-05-22 21:55:21 [main] INFO  Log - navigating to url
2025-05-22 21:55:22 [main] INFO  Log - starting logging invalid
2025-05-22 21:55:22 [main] INFO  Log - entering username
2025-05-22 21:55:23 [main] INFO  Log - entering password
2025-05-22 21:55:23 [main] INFO  Log - closing browser
2025-05-22 21:55:23 [main] INFO  Log - Starting Webdriver
2025-05-22 21:55:25 [main] INFO  Log - navigating to url
2025-05-22 21:55:25 [main] INFO  Log - starting logging invalid
2025-05-22 21:55:25 [main] INFO  Log - entering username
2025-05-22 21:55:26 [main] INFO  Log - entering password
2025-05-22 21:55:26 [main] INFO  Log - closing browser
2025-05-22 21:56:33 [main] INFO  Log - Starting Webdriver
2025-05-22 21:56:35 [main] INFO  Log - navigating to url
2025-05-22 21:56:36 [main] INFO  Log - starting logging invalid
2025-05-22 21:56:36 [main] INFO  Log - entering username
2025-05-22 21:56:36 [main] INFO  Log - entering password
2025-05-22 21:56:37 [main] INFO  Log - crosschecking the title
2025-05-22 21:56:37 [main] INFO  Log - closing browser
2025-05-22 21:56:37 [main] INFO  Log - Starting Webdriver
2025-05-22 21:56:39 [main] INFO  Log - navigating to url
2025-05-22 21:56:40 [main] INFO  Log - starting logging invalid
2025-05-22 21:56:40 [main] INFO  Log - entering username
2025-05-22 21:56:41 [main] INFO  Log - entering password
2025-05-22 21:56:41 [main] INFO  Log - crosschecking the title
2025-05-22 21:56:41 [main] INFO  Log - closing browser
2025-05-22 21:56:42 [main] INFO  Log - Starting Webdriver
2025-05-22 21:56:43 [main] INFO  Log - navigating to url
2025-05-22 21:56:44 [main] INFO  Log - starting logging invalid
2025-05-22 21:56:44 [main] INFO  Log - entering username
2025-05-22 21:56:44 [main] INFO  Log - entering password
2025-05-22 21:56:45 [main] INFO  Log - crosschecking the title
2025-05-22 21:56:45 [main] INFO  Log - closing browser
2025-05-22 22:09:22 [main] INFO  Log - Starting Webdriver
2025-05-22 22:09:25 [main] INFO  Log - navigating to url
2025-05-22 22:09:26 [main] INFO  Log - starting logging invalid
2025-05-22 22:09:26 [main] INFO  Log - entering username
2025-05-22 22:09:27 [main] INFO  Log - entering password
2025-05-22 22:09:27 [main] INFO  Log - crosschecking the title
2025-05-22 22:09:28 [main] INFO  Log - closing browser
2025-05-22 22:09:28 [main] INFO  Log - Starting Webdriver
2025-05-22 22:09:29 [main] INFO  Log - navigating to url
2025-05-22 22:09:31 [main] INFO  Log - starting logging invalid
2025-05-22 22:09:31 [main] INFO  Log - entering username
2025-05-22 22:09:31 [main] INFO  Log - entering password
2025-05-22 22:09:32 [main] INFO  Log - crosschecking the title
2025-05-22 22:09:32 [main] INFO  Log - closing browser
2025-05-22 22:09:32 [main] INFO  Log - Starting Webdriver
2025-05-22 22:09:33 [main] INFO  Log - navigating to url
2025-05-22 22:09:34 [main] INFO  Log - starting logging invalid
2025-05-22 22:09:34 [main] INFO  Log - entering username
2025-05-22 22:09:35 [main] INFO  Log - entering password
2025-05-22 22:09:35 [main] INFO  Log - crosschecking the title
2025-05-22 22:09:35 [main] INFO  Log - closing browser
2025-05-28 20:45:56 [main] INFO  Log - Starting Webdriver
2025-05-28 20:46:02 [main] INFO  Log - navigating to url
2025-05-28 20:47:26 [main] INFO  Log - Starting Webdriver
2025-05-28 20:47:28 [main] INFO  Log - navigating to url
2025-05-28 20:47:30 [main] INFO  Log - starting logging invalid
2025-05-28 20:47:30 [main] INFO  Log - entering username
2025-05-28 20:47:30 [main] INFO  Log - entering password
2025-05-28 20:47:34 [main] INFO  Log - crosschecking the title
2025-05-28 20:47:34 [main] INFO  Log - closing browser
2025-05-28 20:52:58 [main] INFO  Log - Starting Webdriver
2025-05-28 20:53:01 [main] INFO  Log - navigating to url
2025-05-28 20:53:06 [main] INFO  Log - starting logging invalid
2025-05-28 20:53:06 [main] INFO  Log - entering username
2025-05-28 20:53:07 [main] INFO  Log - entering password
2025-05-28 20:53:16 [main] INFO  Log - crosschecking the title
2025-05-28 20:53:16 [main] INFO  Log - closing browser
2025-05-28 21:11:39 [main] INFO  Log - Starting Webdriver
2025-05-28 21:11:41 [main] INFO  Log - navigating to url
2025-05-28 21:11:47 [main] INFO  Log - starting logging invalid
2025-05-28 21:11:47 [main] INFO  Log - entering username
2025-05-28 21:11:47 [main] INFO  Log - entering password
2025-05-28 21:11:54 [main] INFO  Log - crosschecking the title
2025-05-28 21:11:54 [main] INFO  Log - closing browser
2025-05-28 21:13:19 [main] INFO  Log - Starting Webdriver
2025-05-28 21:13:22 [main] INFO  Log - navigating to url
2025-05-28 21:13:23 [main] INFO  Log - starting logging invalid
2025-05-28 21:13:23 [main] INFO  Log - entering username
2025-05-28 21:13:24 [main] INFO  Log - entering password
2025-05-28 21:13:25 [main] INFO  Log - crosschecking the title
2025-05-28 21:13:25 [main] INFO  Log - closing browser
2025-05-28 21:15:41 [main] INFO  Log - Starting Webdriver
2025-05-28 21:15:43 [main] INFO  Log - navigating to url
2025-05-28 21:15:45 [main] INFO  Log - starting logging invalid
2025-05-28 21:15:45 [main] INFO  Log - entering username
2025-05-28 21:15:45 [main] INFO  Log - entering password
2025-05-28 21:15:46 [main] INFO  Log - crosschecking the title
2025-05-28 21:15:46 [main] INFO  Log - closing browser
2025-06-01 10:38:04 [main] INFO  Log - Starting Webdriver
2025-06-01 10:38:11 [main] INFO  Log - navigating to url
2025-06-01 10:38:15 [main] INFO  Log - starting logging invalid
2025-06-01 10:38:15 [main] INFO  Log - entering username
2025-06-01 10:38:16 [main] INFO  Log - entering password
2025-06-01 10:38:19 [main] INFO  Log - crosschecking the title
2025-06-01 10:38:19 [main] INFO  Log - closing browser
